TN:
SF:src\App.tsx
FN:8,App
FNF:1
FNH:1
FNDA:12,App
DA:1,1
DA:2,1
DA:3,1
DA:4,1
DA:5,1
DA:6,1
DA:7,1
DA:8,12
DA:9,12
DA:10,12
DA:11,12
DA:12,12
DA:13,12
DA:14,12
DA:15,12
DA:16,12
DA:17,12
DA:18,12
DA:19,12
DA:20,12
DA:21,12
DA:22,1
DA:23,1
LF:23
LH:23
BRDA:8,0,0,12
BRF:1
BRH:1
end_of_record
TN:
SF:src\components\CalculateCallValueButton\index.tsx
FN:4,CalculateCallValueButton
FNF:1
FNH:1
FNDA:33,CalculateCallValueButton
DA:1,1
DA:2,1
DA:3,1
DA:4,1
DA:5,33
DA:6,33
DA:7,33
DA:8,33
DA:9,33
DA:10,33
DA:11,33
DA:12,33
DA:13,33
DA:14,33
DA:15,33
DA:16,33
DA:17,33
LF:17
LH:17
BRDA:4,0,0,33
BRF:1
BRH:1
end_of_record
TN:
SF:src\components\CallInformations\index.tsx
FN:7,CallInformation
FNF:1
FNH:1
FNDA:12,CallInformation
DA:1,1
DA:2,1
DA:3,1
DA:4,1
DA:5,1
DA:6,1
DA:7,1
DA:8,12
DA:9,12
DA:10,12
DA:11,12
DA:12,12
DA:13,12
DA:14,12
DA:15,12
DA:16,12
LF:16
LH:16
BRDA:7,0,0,12
BRF:1
BRH:1
end_of_record
TN:
SF:src\components\CellPhonePlan\index.tsx
FN:4,CellPhonePlan
FN:14,onChange
FNF:2
FNH:2
FNDA:33,CellPhonePlan
FNDA:5,onChange
DA:1,1
DA:2,1
DA:3,1
DA:4,1
DA:5,33
DA:6,33
DA:7,33
DA:8,33
DA:9,33
DA:10,33
DA:11,33
DA:12,33
DA:13,33
DA:14,33
DA:15,33
DA:16,33
DA:17,33
DA:18,33
DA:19,33
DA:20,33
DA:21,33
DA:22,33
DA:23,33
DA:24,33
DA:25,33
DA:26,33
DA:27,33
DA:28,33
DA:29,33
DA:30,33
DA:31,33
DA:32,33
DA:33,33
DA:34,33
DA:35,33
DA:36,33
DA:37,33
LF:37
LH:37
BRDA:4,0,0,33
BRDA:14,1,0,5
BRF:2
BRH:2
end_of_record
TN:
SF:src\components\ConnectionTime\index.tsx
FN:4,ConnectionTime
FN:13,onChange
FNF:2
FNH:2
FNDA:33,ConnectionTime
FNDA:5,onChange
DA:1,1
DA:2,1
DA:3,1
DA:4,1
DA:5,33
DA:6,33
DA:7,33
DA:8,33
DA:9,33
DA:10,33
DA:11,33
DA:12,33
DA:13,33
DA:14,33
DA:15,33
DA:16,33
DA:17,33
DA:18,33
LF:18
LH:18
BRDA:4,0,0,33
BRDA:13,1,0,5
BRF:2
BRH:2
end_of_record
TN:
SF:src\components\Destination\index.tsx
FN:4,Destination
FN:15,onChange
FNF:2
FNH:2
FNDA:33,Destination
FNDA:5,onChange
DA:1,1
DA:2,1
DA:3,1
DA:4,1
DA:5,33
DA:6,33
DA:7,33
DA:8,33
DA:9,33
DA:10,33
DA:11,33
DA:12,33
DA:13,33
DA:14,33
DA:15,33
DA:16,33
DA:17,33
DA:18,25
DA:19,25
DA:20,25
DA:21,25
DA:22,25
DA:23,33
DA:24,33
DA:25,33
DA:26,33
DA:27,33
DA:28,33
LF:28
LH:28
BRDA:4,0,0,33
BRDA:17,1,0,25
BRDA:15,2,0,5
BRF:3
BRH:3
end_of_record
TN:
SF:src\components\FinalValues\index.tsx
FN:4,FinalValues
FNF:1
FNH:1
FNDA:33,FinalValues
DA:1,1
DA:2,1
DA:3,1
DA:4,1
DA:5,33
DA:6,33
DA:7,33
DA:8,33
DA:9,33
DA:10,33
DA:11,33
DA:12,33
DA:13,33
DA:14,33
DA:15,33
DA:16,33
DA:17,33
DA:18,33
DA:19,33
DA:20,33
DA:21,33
DA:22,33
DA:23,33
DA:24,33
DA:25,33
LF:25
LH:25
BRDA:4,0,0,33
BRDA:16,1,0,32
BRDA:21,2,0,32
BRF:3
BRH:3
end_of_record
TN:
SF:src\components\Origin\index.tsx
FN:4,Origin
FN:14,onChange
FNF:2
FNH:2
FNDA:33,Origin
FNDA:7,onChange
DA:1,1
DA:2,1
DA:3,1
DA:4,1
DA:5,33
DA:6,33
DA:7,33
DA:8,33
DA:9,33
DA:10,33
DA:11,33
DA:12,33
DA:13,33
DA:14,33
DA:15,33
DA:16,33
DA:17,33
DA:18,33
DA:19,33
DA:20,33
DA:21,33
DA:22,33
LF:22
LH:22
BRDA:4,0,0,33
BRDA:14,1,0,7
BRF:2
BRH:2
end_of_record
TN:
SF:src\components\Title\index.tsx
FN:3,Title
FNF:1
FNH:1
FNDA:12,Title
DA:1,1
DA:2,1
DA:3,1
DA:4,12
DA:5,12
DA:6,12
DA:7,12
DA:8,12
DA:9,12
LF:9
LH:9
BRDA:3,0,0,12
BRF:1
BRH:1
end_of_record
TN:
SF:src\contexts\callContext.tsx
FN:24,CallContextProvider
FN:39,handleCallOrigin
FN:43,handleCallDestination
FN:47,handleConnectionTime
FN:51,handleCellPhonePlan
FN:55,calculateCallValue
FNF:6
FNH:6
FNDA:33,CallContextProvider
FNDA:7,handleCallOrigin
FNDA:7,handleCallDestination
FNDA:5,handleConnectionTime
FNDA:5,handleCellPhonePlan
FNDA:4,calculateCallValue
DA:1,1
DA:2,1
DA:3,1
DA:4,1
DA:5,1
DA:6,1
DA:7,1
DA:8,1
DA:9,1
DA:10,1
DA:11,1
DA:12,1
DA:13,1
DA:14,1
DA:15,1
DA:16,1
DA:17,1
DA:18,1
DA:19,1
DA:20,1
DA:21,1
DA:22,1
DA:23,1
DA:24,1
DA:25,33
DA:26,33
DA:27,33
DA:28,33
DA:29,33
DA:30,33
DA:31,33
DA:32,33
DA:33,33
DA:34,13
DA:35,2
DA:36,2
DA:37,33
DA:38,33
DA:39,33
DA:40,7
DA:41,7
DA:42,33
DA:43,33
DA:44,7
DA:45,7
DA:46,33
DA:47,33
DA:48,5
DA:49,5
DA:50,33
DA:51,33
DA:52,5
DA:53,5
DA:54,33
DA:55,33
DA:56,4
DA:57,4
DA:58,4
DA:59,3
DA:60,4
DA:61,4
DA:62,4
DA:63,4
DA:64,4
DA:65,4
DA:66,4
DA:67,3
DA:68,3
DA:69,3
DA:70,3
DA:71,3
DA:72,4
DA:73,1
DA:74,1
DA:75,4
DA:76,33
DA:77,33
DA:78,33
DA:79,33
DA:80,33
DA:81,33
DA:82,33
DA:83,33
DA:84,33
DA:85,33
DA:86,33
DA:87,33
DA:88,33
DA:89,33
DA:90,33
DA:91,33
DA:92,33
DA:93,33
DA:94,33
DA:95,33
DA:96,33
LF:96
LH:96
BRDA:24,0,0,33
BRDA:33,1,0,13
BRDA:34,2,0,2
BRDA:39,3,0,7
BRDA:43,4,0,7
BRDA:47,5,0,5
BRDA:51,6,0,5
BRDA:55,7,0,4
BRDA:59,8,0,3
BRDA:59,9,0,2
BRDA:59,10,0,1
BRDA:66,11,0,3
BRDA:72,12,0,1
BRDA:61,13,0,24
BRDA:61,14,0,10
BRF:15
BRH:15
end_of_record
TN:
SF:src\hooks\useCall.ts
FN:4,useCall
FNF:1
FNH:1
FNDA:198,useCall
DA:1,1
DA:2,1
DA:3,1
DA:4,1
DA:5,198
DA:6,198
DA:7,198
LF:7
LH:7
BRDA:4,0,0,198
BRF:1
BRH:1
end_of_record
TN:
SF:src\utils\data.ts
FNF:0
FNH:0
DA:1,1
DA:2,1
DA:3,1
DA:4,1
DA:5,1
DA:6,1
DA:7,1
DA:8,1
DA:9,1
DA:10,1
DA:11,1
DA:12,1
DA:13,1
DA:14,1
DA:15,1
DA:16,1
DA:17,1
DA:18,1
DA:19,1
DA:20,1
DA:21,1
DA:22,1
DA:23,1
DA:24,1
DA:25,1
DA:26,1
DA:27,1
DA:28,1
DA:29,1
DA:30,1
DA:31,1
DA:32,1
LF:32
LH:32
BRF:0
BRH:0
end_of_record
